2017-03-18 11:52:15,935 INFO  [SoapUI] Adding [C:\Users\Osanda Deshan\IdeaProjects\SoapUI_Report_Generation_Using_Gauge\ext\mysql-connector-java-5.1.37.jar] to extensions classpath
2017-03-18 11:52:15,936 INFO  [SoapUI] Adding [C:\Users\Osanda Deshan\IdeaProjects\SoapUI_Report_Generation_Using_Gauge\ext\soapui-5.3.0.jar] to extensions classpath
2017-03-18 11:52:16,220 INFO  [DefaultSoapUICore] initialized soapui-settings from [C:\Users\Osanda Deshan\soapui-settings.xml]
2017-03-18 11:52:25,848 INFO  [PluginManager] Adding plugin from [C:\Users\Osanda Deshan\.soapuios\plugins\soapui-swagger-plugin-2.2-dist.jar]
2017-03-18 11:52:25,848 INFO  [PluginManager] Adding plugin from [C:\Users\Osanda Deshan\.soapuios\plugins\ready-mqtt-plugin-dist.jar]
2017-03-18 11:52:27,344 WARN  [PluginManager] Could not load plugin from file [C:\Users\Osanda Deshan\.soapuios\plugins\soapui-swagger-plugin-2.2-dist.jar]
com.eviware.soapui.plugins.InvalidPluginException: Error loading plugin class com.smartbear.swagger.PluginConfig
	at com.eviware.soapui.plugins.PluginLoader.loadPlugin(PluginLoader.java:102)
	at com.eviware.soapui.plugins.PluginLoader.loadPlugin(PluginLoader.java:42)
	at com.eviware.soapui.plugins.PluginManager.doInstallPlugin(PluginManager.java:136)
	at com.eviware.soapui.plugins.PluginManager.access$600(PluginManager.java:38)
	at com.eviware.soapui.plugins.PluginManager$LoadPluginsTask.computeSequentially(PluginManager.java:415)
	at com.eviware.soapui.plugins.PluginManager$LoadPluginsTask.compute(PluginManager.java:372)
	at com.eviware.soapui.plugins.PluginManager$LoadPluginsTask.compute(PluginManager.java:360)
	at java.util.concurrent.RecursiveTask.exec(RecursiveTask.java:94)
	at java.util.concurrent.ForkJoinTask.doExec(ForkJoinTask.java:289)
	at java.util.concurrent.ForkJoinPool$WorkQueue.runTask(ForkJoinPool.java:1056)
	at java.util.concurrent.ForkJoinPool.runWorker(ForkJoinPool.java:1692)
	at java.util.concurrent.ForkJoinWorkerThread.run(ForkJoinWorkerThread.java:157)
Caused by: java.lang.IllegalStateException: zip file closed
	at java.util.zip.ZipFile.ensureOpen(ZipFile.java:669)
	at java.util.zip.ZipFile.access$200(ZipFile.java:60)
	at java.util.zip.ZipFile$ZipEntryIterator.hasNext(ZipFile.java:493)
	at java.util.zip.ZipFile$ZipEntryIterator.hasMoreElements(ZipFile.java:488)
	at java.util.jar.JarFile$JarEntryIterator.hasNext(JarFile.java:253)
	at java.util.jar.JarFile$JarEntryIterator.hasMoreElements(JarFile.java:262)
	at org.reflections.vfs.ZipDir$1$1.computeNext(ZipDir.java:30)
	at org.reflections.vfs.ZipDir$1$1.computeNext(ZipDir.java:26)
	at com.google.common.collect.AbstractIterator.tryToComputeNext(AbstractIterator.java:143)
	at com.google.common.collect.AbstractIterator.hasNext(AbstractIterator.java:138)
	at org.reflections.Reflections.scan(Reflections.java:240)
	at org.reflections.Reflections.scan(Reflections.java:204)
	at org.reflections.Reflections.<init>(Reflections.java:129)
	at com.eviware.soapui.plugins.LoaderBase.loadAutoFactories(LoaderBase.java:90)
	at com.eviware.soapui.plugins.LoaderBase.loadFactories(LoaderBase.java:64)
	at com.eviware.soapui.plugins.PluginLoader.loadPluginFactories(PluginLoader.java:129)
	at com.eviware.soapui.plugins.PluginLoader.loadPlugin(PluginLoader.java:92)
	... 11 more
2017-03-18 11:52:27,362 ERROR [SoapUI] An error occurred [com.eviware.soapui.plugins.auto.factories.AutoDiscoveryMethodFactory], see error log for details
2017-03-18 11:52:27,362 ERROR [errorlog] java.lang.ClassNotFoundException: com.eviware.soapui.plugins.auto.factories.AutoDiscoveryMethodFactory
java.lang.ClassNotFoundException: com.eviware.soapui.plugins.auto.factories.AutoDiscoveryMethodFactory
	at java.net.URLClassLoader.findClass(URLClassLoader.java:381)
	at java.lang.ClassLoader.loadClass(ClassLoader.java:424)
	at sun.misc.Launcher$AppClassLoader.loadClass(Launcher.java:331)
	at java.lang.ClassLoader.loadClass(ClassLoader.java:357)
	at java.lang.Class.forName0(Native Method)
	at java.lang.Class.forName(Class.java:264)
	at com.eviware.soapui.plugins.LoaderBase.loadAutoFactories(LoaderBase.java:96)
	at com.eviware.soapui.plugins.LoaderBase.loadFactories(LoaderBase.java:64)
	at com.eviware.soapui.plugins.PluginLoader.loadPluginFactories(PluginLoader.java:129)
	at com.eviware.soapui.plugins.PluginLoader.loadPlugin(PluginLoader.java:92)
	at com.eviware.soapui.plugins.PluginLoader.loadPlugin(PluginLoader.java:42)
	at com.eviware.soapui.plugins.PluginManager.doInstallPlugin(PluginManager.java:136)
	at com.eviware.soapui.plugins.PluginManager.access$600(PluginManager.java:38)
	at com.eviware.soapui.plugins.PluginManager$LoadPluginsTask.computeSequentially(PluginManager.java:415)
	at com.eviware.soapui.plugins.PluginManager$LoadPluginsTask.compute(PluginManager.java:372)
	at com.eviware.soapui.plugins.PluginManager$LoadPluginsTask.compute(PluginManager.java:377)
	at com.eviware.soapui.plugins.PluginManager$LoadPluginsTask.compute(PluginManager.java:360)
	at java.util.concurrent.RecursiveTask.exec(RecursiveTask.java:94)
	at java.util.concurrent.ForkJoinTask.doExec(ForkJoinTask.java:289)
	at java.util.concurrent.ForkJoinPool$WorkQueue.runTask(ForkJoinPool.java:1056)
	at java.util.concurrent.ForkJoinPool.runWorker(ForkJoinPool.java:1692)
	at java.util.concurrent.ForkJoinWorkerThread.run(ForkJoinWorkerThread.java:157)
2017-03-18 11:52:27,379 ERROR [SoapUI] An error occurred [com.eviware.soapui.plugins.auto.factories.AutoImportMethodFactory], see error log for details
2017-03-18 11:52:27,379 ERROR [errorlog] java.lang.ClassNotFoundException: com.eviware.soapui.plugins.auto.factories.AutoImportMethodFactory
java.lang.ClassNotFoundException: com.eviware.soapui.plugins.auto.factories.AutoImportMethodFactory
	at java.net.URLClassLoader.findClass(URLClassLoader.java:381)
	at java.lang.ClassLoader.loadClass(ClassLoader.java:424)
	at sun.misc.Launcher$AppClassLoader.loadClass(Launcher.java:331)
	at java.lang.ClassLoader.loadClass(ClassLoader.java:357)
	at java.lang.Class.forName0(Native Method)
	at java.lang.Class.forName(Class.java:264)
	at com.eviware.soapui.plugins.LoaderBase.loadAutoFactories(LoaderBase.java:96)
	at com.eviware.soapui.plugins.LoaderBase.loadFactories(LoaderBase.java:64)
	at com.eviware.soapui.plugins.PluginLoader.loadPluginFactories(PluginLoader.java:129)
	at com.eviware.soapui.plugins.PluginLoader.loadPlugin(PluginLoader.java:92)
	at com.eviware.soapui.plugins.PluginLoader.loadPlugin(PluginLoader.java:42)
	at com.eviware.soapui.plugins.PluginManager.doInstallPlugin(PluginManager.java:136)
	at com.eviware.soapui.plugins.PluginManager.access$600(PluginManager.java:38)
	at com.eviware.soapui.plugins.PluginManager$LoadPluginsTask.computeSequentially(PluginManager.java:415)
	at com.eviware.soapui.plugins.PluginManager$LoadPluginsTask.compute(PluginManager.java:372)
	at com.eviware.soapui.plugins.PluginManager$LoadPluginsTask.compute(PluginManager.java:377)
	at com.eviware.soapui.plugins.PluginManager$LoadPluginsTask.compute(PluginManager.java:360)
	at java.util.concurrent.RecursiveTask.exec(RecursiveTask.java:94)
	at java.util.concurrent.ForkJoinTask.doExec(ForkJoinTask.java:289)
	at java.util.concurrent.ForkJoinPool$WorkQueue.runTask(ForkJoinPool.java:1056)
	at java.util.concurrent.ForkJoinPool.runWorker(ForkJoinPool.java:1692)
	at java.util.concurrent.ForkJoinWorkerThread.run(ForkJoinWorkerThread.java:157)
2017-03-18 11:52:27,386 INFO  [PluginManager] Adding plugin from [C:\Users\Osanda Deshan\.soapuios\plugins\ready-uxm-plugin-1.0.1-dist.jar]
2017-03-18 11:52:28,290 ERROR [SoapUI] An error occurred [com.eviware.soapui.plugins.auto.factories.AutoDiscoveryMethodFactory], see error log for details
2017-03-18 11:52:28,290 ERROR [errorlog] java.lang.ClassNotFoundException: com.eviware.soapui.plugins.auto.factories.AutoDiscoveryMethodFactory
java.lang.ClassNotFoundException: com.eviware.soapui.plugins.auto.factories.AutoDiscoveryMethodFactory
	at java.net.URLClassLoader.findClass(URLClassLoader.java:381)
	at java.lang.ClassLoader.loadClass(ClassLoader.java:424)
	at sun.misc.Launcher$AppClassLoader.loadClass(Launcher.java:331)
	at java.lang.ClassLoader.loadClass(ClassLoader.java:357)
	at java.lang.Class.forName0(Native Method)
	at java.lang.Class.forName(Class.java:264)
	at com.eviware.soapui.plugins.LoaderBase.loadAutoFactories(LoaderBase.java:96)
	at com.eviware.soapui.plugins.LoaderBase.loadFactories(LoaderBase.java:64)
	at com.eviware.soapui.plugins.PluginLoader.loadPluginFactories(PluginLoader.java:129)
	at com.eviware.soapui.plugins.PluginLoader.loadPlugin(PluginLoader.java:92)
	at com.eviware.soapui.plugins.PluginLoader.loadPlugin(PluginLoader.java:42)
	at com.eviware.soapui.plugins.PluginManager.doInstallPlugin(PluginManager.java:136)
	at com.eviware.soapui.plugins.PluginManager.access$600(PluginManager.java:38)
	at com.eviware.soapui.plugins.PluginManager$LoadPluginsTask.computeSequentially(PluginManager.java:415)
	at com.eviware.soapui.plugins.PluginManager$LoadPluginsTask.compute(PluginManager.java:372)
	at com.eviware.soapui.plugins.PluginManager$LoadPluginsTask.compute(PluginManager.java:377)
	at com.eviware.soapui.plugins.PluginManager$LoadPluginsTask.compute(PluginManager.java:360)
	at java.util.concurrent.RecursiveTask.exec(RecursiveTask.java:94)
	at java.util.concurrent.ForkJoinTask.doExec(ForkJoinTask.java:289)
	at java.util.concurrent.ForkJoinPool$WorkQueue.runTask(ForkJoinPool.java:1056)
	at java.util.concurrent.ForkJoinPool.runWorker(ForkJoinPool.java:1692)
	at java.util.concurrent.ForkJoinWorkerThread.run(ForkJoinWorkerThread.java:157)
2017-03-18 11:52:28,296 ERROR [SoapUI] An error occurred [com.eviware.soapui.plugins.auto.factories.AutoImportMethodFactory], see error log for details
2017-03-18 11:52:28,296 ERROR [errorlog] java.lang.ClassNotFoundException: com.eviware.soapui.plugins.auto.factories.AutoImportMethodFactory
java.lang.ClassNotFoundException: com.eviware.soapui.plugins.auto.factories.AutoImportMethodFactory
	at java.net.URLClassLoader.findClass(URLClassLoader.java:381)
	at java.lang.ClassLoader.loadClass(ClassLoader.java:424)
	at sun.misc.Launcher$AppClassLoader.loadClass(Launcher.java:331)
	at java.lang.ClassLoader.loadClass(ClassLoader.java:357)
	at java.lang.Class.forName0(Native Method)
	at java.lang.Class.forName(Class.java:264)
	at com.eviware.soapui.plugins.LoaderBase.loadAutoFactories(LoaderBase.java:96)
	at com.eviware.soapui.plugins.LoaderBase.loadFactories(LoaderBase.java:64)
	at com.eviware.soapui.plugins.PluginLoader.loadPluginFactories(PluginLoader.java:129)
	at com.eviware.soapui.plugins.PluginLoader.loadPlugin(PluginLoader.java:92)
	at com.eviware.soapui.plugins.PluginLoader.loadPlugin(PluginLoader.java:42)
	at com.eviware.soapui.plugins.PluginManager.doInstallPlugin(PluginManager.java:136)
	at com.eviware.soapui.plugins.PluginManager.access$600(PluginManager.java:38)
	at com.eviware.soapui.plugins.PluginManager$LoadPluginsTask.computeSequentially(PluginManager.java:415)
	at com.eviware.soapui.plugins.PluginManager$LoadPluginsTask.compute(PluginManager.java:372)
	at com.eviware.soapui.plugins.PluginManager$LoadPluginsTask.compute(PluginManager.java:377)
	at com.eviware.soapui.plugins.PluginManager$LoadPluginsTask.compute(PluginManager.java:360)
	at java.util.concurrent.RecursiveTask.exec(RecursiveTask.java:94)
	at java.util.concurrent.ForkJoinTask.doExec(ForkJoinTask.java:289)
	at java.util.concurrent.ForkJoinPool$WorkQueue.runTask(ForkJoinPool.java:1056)
	at java.util.concurrent.ForkJoinPool.runWorker(ForkJoinPool.java:1692)
	at java.util.concurrent.ForkJoinWorkerThread.run(ForkJoinWorkerThread.java:157)
2017-03-18 11:52:28,310 INFO  [PluginManager] Adding plugin from [C:\Users\Osanda Deshan\.soapuios\plugins\readyapi-swaggerhub-plugin-1.0.jar]
2017-03-18 11:52:28,930 ERROR [SoapUI] An error occurred [com.eviware.soapui.plugins.auto.factories.AutoDiscoveryMethodFactory], see error log for details
2017-03-18 11:52:28,930 ERROR [errorlog] java.lang.ClassNotFoundException: com.eviware.soapui.plugins.auto.factories.AutoDiscoveryMethodFactory
java.lang.ClassNotFoundException: com.eviware.soapui.plugins.auto.factories.AutoDiscoveryMethodFactory
	at java.net.URLClassLoader.findClass(URLClassLoader.java:381)
	at java.lang.ClassLoader.loadClass(ClassLoader.java:424)
	at sun.misc.Launcher$AppClassLoader.loadClass(Launcher.java:331)
	at java.lang.ClassLoader.loadClass(ClassLoader.java:357)
	at java.lang.Class.forName0(Native Method)
	at java.lang.Class.forName(Class.java:264)
	at com.eviware.soapui.plugins.LoaderBase.loadAutoFactories(LoaderBase.java:96)
	at com.eviware.soapui.plugins.LoaderBase.loadFactories(LoaderBase.java:64)
	at com.eviware.soapui.plugins.PluginLoader.loadPluginFactories(PluginLoader.java:129)
	at com.eviware.soapui.plugins.PluginLoader.loadPlugin(PluginLoader.java:92)
	at com.eviware.soapui.plugins.PluginLoader.loadPlugin(PluginLoader.java:42)
	at com.eviware.soapui.plugins.PluginManager.doInstallPlugin(PluginManager.java:136)
	at com.eviware.soapui.plugins.PluginManager.access$600(PluginManager.java:38)
	at com.eviware.soapui.plugins.PluginManager$LoadPluginsTask.computeSequentially(PluginManager.java:415)
	at com.eviware.soapui.plugins.PluginManager$LoadPluginsTask.compute(PluginManager.java:372)
	at com.eviware.soapui.plugins.PluginManager$LoadPluginsTask.compute(PluginManager.java:377)
	at com.eviware.soapui.plugins.PluginManager$LoadPluginsTask.compute(PluginManager.java:360)
	at java.util.concurrent.RecursiveTask.exec(RecursiveTask.java:94)
	at java.util.concurrent.ForkJoinTask.doExec(ForkJoinTask.java:289)
	at java.util.concurrent.ForkJoinPool$WorkQueue.runTask(ForkJoinPool.java:1056)
	at java.util.concurrent.ForkJoinPool.runWorker(ForkJoinPool.java:1692)
	at java.util.concurrent.ForkJoinWorkerThread.run(ForkJoinWorkerThread.java:157)
2017-03-18 11:52:28,932 ERROR [SoapUI] An error occurred [com.eviware.soapui.plugins.auto.factories.AutoImportMethodFactory], see error log for details
2017-03-18 11:52:28,932 ERROR [errorlog] java.lang.ClassNotFoundException: com.eviware.soapui.plugins.auto.factories.AutoImportMethodFactory
java.lang.ClassNotFoundException: com.eviware.soapui.plugins.auto.factories.AutoImportMethodFactory
	at java.net.URLClassLoader.findClass(URLClassLoader.java:381)
	at java.lang.ClassLoader.loadClass(ClassLoader.java:424)
	at sun.misc.Launcher$AppClassLoader.loadClass(Launcher.java:331)
	at java.lang.ClassLoader.loadClass(ClassLoader.java:357)
	at java.lang.Class.forName0(Native Method)
	at java.lang.Class.forName(Class.java:264)
	at com.eviware.soapui.plugins.LoaderBase.loadAutoFactories(LoaderBase.java:96)
	at com.eviware.soapui.plugins.LoaderBase.loadFactories(LoaderBase.java:64)
	at com.eviware.soapui.plugins.PluginLoader.loadPluginFactories(PluginLoader.java:129)
	at com.eviware.soapui.plugins.PluginLoader.loadPlugin(PluginLoader.java:92)
	at com.eviware.soapui.plugins.PluginLoader.loadPlugin(PluginLoader.java:42)
	at com.eviware.soapui.plugins.PluginManager.doInstallPlugin(PluginManager.java:136)
	at com.eviware.soapui.plugins.PluginManager.access$600(PluginManager.java:38)
	at com.eviware.soapui.plugins.PluginManager$LoadPluginsTask.computeSequentially(PluginManager.java:415)
	at com.eviware.soapui.plugins.PluginManager$LoadPluginsTask.compute(PluginManager.java:372)
	at com.eviware.soapui.plugins.PluginManager$LoadPluginsTask.compute(PluginManager.java:377)
	at com.eviware.soapui.plugins.PluginManager$LoadPluginsTask.compute(PluginManager.java:360)
	at java.util.concurrent.RecursiveTask.exec(RecursiveTask.java:94)
	at java.util.concurrent.ForkJoinTask.doExec(ForkJoinTask.java:289)
	at java.util.concurrent.ForkJoinPool$WorkQueue.runTask(ForkJoinPool.java:1056)
	at java.util.concurrent.ForkJoinPool.runWorker(ForkJoinPool.java:1692)
	at java.util.concurrent.ForkJoinWorkerThread.run(ForkJoinWorkerThread.java:157)
2017-03-18 11:52:28,939 INFO  [PluginManager] 4 plugins loaded in 3093 ms
2017-03-18 11:52:28,939 INFO  [DefaultSoapUICore] All plugins loaded
2017-03-18 11:52:30,673 INFO  [WsdlProject] Loaded project from [file:/E:/Mitra%20Innovation/QA%20Automation/SoapUI/Projects/Kraydel-server-Test.xml]
2017-03-18 11:52:30,686 INFO  [SoapUITestCaseRunner] Running SoapUI tests in project [Kraydel-server]
2017-03-18 11:52:30,687 INFO  [SoapUITestCaseRunner] Running TestCase [Login Existing User With Correct Username Password TestCase]
2017-03-18 11:52:30,699 INFO  [SoapUITestCaseRunner] Running SoapUI testcase [Login Existing User With Correct Username Password TestCase]
2017-03-18 11:52:30,712 INFO  [SoapUITestCaseRunner] running step [Login Existing User With Correct Username Password]
2017-03-18 11:52:32,529 INFO  [SoapUITestCaseRunner] Assertion [Valid HTTP Status Codes] has status VALID
2017-03-18 11:52:32,529 INFO  [SoapUITestCaseRunner] Assertion [check login status successfull] has status VALID
2017-03-18 11:52:32,529 INFO  [SoapUITestCaseRunner] Assertion [check no any null values] has status VALID
2017-03-18 11:52:32,539 INFO  [SoapUITestCaseRunner] Assertion [check token is not null] has status VALID
2017-03-18 11:52:32,539 INFO  [SoapUITestCaseRunner] running step [Carer Table]
2017-03-18 11:52:37,596 INFO  [SoapUITestCaseRunner] Assertion [check the carer "Rebeca" is registered in the system] has status VALID
2017-03-18 11:52:37,596 INFO  [SoapUITestCaseRunner] Assertion [check the carer "testCustomer" is registered in the system] has status VALID
2017-03-18 11:52:37,596 INFO  [SoapUITestCaseRunner] Assertion [Contains] has status FAILED
2017-03-18 11:52:37,597 ERROR [SoapUITestCaseRunner] ASSERTION FAILED -> Missing token [Osa] in Response
2017-03-18 11:52:37,597 ERROR [SoapUITestCaseRunner] Carer Table failed, exporting to [C:\Users\Osanda Deshan\IdeaProjects\SoapUI_Report_Generation_Using_Gauge\LoginTestSuite-Login_Existing_User_With_Correct_Username_Password_TestCase-Carer_Table-0-FAILED.txt]
2017-03-18 11:52:37,610 INFO  [SoapUITestCaseRunner] Finished running SoapUI testcase [Login Existing User With Correct Username Password TestCase], time taken: 6595ms, status: FAILED
2017-03-18 11:52:37,610 INFO  [SoapUITestCaseRunner] TestCase [Login Existing User With Correct Username Password TestCase] finished with status [FAILED] in 6595ms
2017-03-18 11:52:37,887 INFO  [WsdlProject] Loaded project from [file:/E:/Mitra%20Innovation/QA%20Automation/SoapUI/Projects/Kraydel-server-Test.xml]
2017-03-18 11:52:49,947 INFO  [WsdlProject] Loaded project from [file:/E:/Mitra%20Innovation/QA%20Automation/SoapUI/Projects/Kraydel-server-Test.xml]
2017-03-18 11:52:49,948 INFO  [SoapUITestCaseRunner] Running SoapUI tests in project [Kraydel-server]
2017-03-18 11:52:49,949 INFO  [SoapUITestCaseRunner] Running TestCase [Login Existing User With Correct Username Wrong Password TestCase]
2017-03-18 11:52:49,949 INFO  [SoapUITestCaseRunner] Running SoapUI testcase [Login Existing User With Correct Username Wrong Password TestCase]
2017-03-18 11:52:49,949 INFO  [SoapUITestCaseRunner] running step [Login Existing User With Correct Username Wrong Password]
2017-03-18 11:52:50,225 INFO  [SoapUITestCaseRunner] Assertion [Valid HTTP Status Codes] has status VALID
2017-03-18 11:52:50,225 INFO  [SoapUITestCaseRunner] Assertion [check login status unsuccessfull] has status VALID
2017-03-18 11:52:50,226 INFO  [SoapUITestCaseRunner] Assertion [check token is not null] has status VALID
2017-03-18 11:52:50,590 ERROR [SoapUI] An error occurred [No such property: runner for class: Script1], see error log for details
2017-03-18 11:52:50,590 ERROR [errorlog] groovy.lang.MissingPropertyException: No such property: runner for class: Script1
groovy.lang.MissingPropertyException: No such property: runner for class: Script1
	at org.codehaus.groovy.runtime.ScriptBytecodeAdapter.unwrap(ScriptBytecodeAdapter.java:50)
	at org.codehaus.groovy.runtime.callsite.PogoGetPropertySite.getProperty(PogoGetPropertySite.java:49)
	at org.codehaus.groovy.runtime.callsite.AbstractCallSite.callGroovyObjectGetProperty(AbstractCallSite.java:231)
	at Script1.run(Script1.groovy:1)
	at com.eviware.soapui.support.scripting.groovy.SoapUIGroovyScriptEngine.run(SoapUIGroovyScriptEngine.java:92)
	at com.eviware.soapui.impl.wsdl.testcase.WsdlTestCase.runTearDownScript(WsdlTestCase.java:898)
	at com.eviware.soapui.impl.wsdl.support.AbstractTestCaseRunner.runTearDownScripts(AbstractTestCaseRunner.java:186)
	at com.eviware.soapui.impl.wsdl.support.AbstractTestCaseRunner.internalFinally(AbstractTestCaseRunner.java:171)
	at com.eviware.soapui.impl.wsdl.support.AbstractTestCaseRunner.internalFinally(AbstractTestCaseRunner.java:46)
	at com.eviware.soapui.impl.wsdl.support.AbstractTestRunner.run(AbstractTestRunner.java:150)
	at com.eviware.soapui.impl.wsdl.support.AbstractTestRunner.start(AbstractTestRunner.java:77)
	at com.eviware.soapui.impl.wsdl.testcase.WsdlTestCase.run(WsdlTestCase.java:595)
	at com.eviware.soapui.tools.SoapUITestCaseRunner.runTestCase(SoapUITestCaseRunner.java:565)
	at com.eviware.soapui.tools.SoapUITestCaseRunner.runRunner(SoapUITestCaseRunner.java:397)
	at com.eviware.soapui.tools.AbstractSoapUIRunner.run(AbstractSoapUIRunner.java:204)
	at ExecuteSoapUIAnyTestCase.executeSpecificTestCase(ExecuteSoapUIAnyTestCase.java:44)
	at sun.reflect.NativeMethodAccessorImpl.invoke0(Native Method)
	at sun.reflect.NativeMethodAccessorImpl.invoke(NativeMethodAccessorImpl.java:62)
	at sun.reflect.DelegatingMethodAccessorImpl.invoke(DelegatingMethodAccessorImpl.java:43)
	at java.lang.reflect.Method.invoke(Method.java:498)
	at com.thoughtworks.gauge.execution.MethodExecutor.execute(MethodExecutor.java:38)
	at com.thoughtworks.gauge.execution.StepExecutionStage.executeStepMethod(StepExecutionStage.java:130)
	at com.thoughtworks.gauge.execution.StepExecutionStage.executeStep(StepExecutionStage.java:86)
	at com.thoughtworks.gauge.execution.StepExecutionStage.execute(StepExecutionStage.java:67)
	at com.thoughtworks.gauge.execution.AbstractExecutionStage.executeNext(AbstractExecutionStage.java:24)
	at com.thoughtworks.gauge.execution.HookExecutionStage.execute(HookExecutionStage.java:43)
	at com.thoughtworks.gauge.execution.ExecutionPipeline.start(ExecutionPipeline.java:29)
	at com.thoughtworks.gauge.processor.ExecuteStepProcessor.process(ExecuteStepProcessor.java:39)
	at com.thoughtworks.gauge.connection.MessageDispatcher.dispatchMessages(MessageDispatcher.java:89)
	at com.thoughtworks.gauge.GaugeRuntime.dispatchMessages(GaugeRuntime.java:104)
	at com.thoughtworks.gauge.GaugeRuntime.access$100(GaugeRuntime.java:36)
	at com.thoughtworks.gauge.GaugeRuntime$2.run(GaugeRuntime.java:85)
	at java.lang.Thread.run(Thread.java:745)
2017-03-18 11:52:50,592 INFO  [SoapUITestCaseRunner] Finished running SoapUI testcase [Login Existing User With Correct Username Wrong Password TestCase], time taken: 258ms, status: FINISHED
2017-03-18 11:52:50,592 INFO  [SoapUITestCaseRunner] TestCase [Login Existing User With Correct Username Wrong Password TestCase] finished with status [FINISHED] in 258ms
2017-03-18 11:52:50,721 INFO  [WsdlProject] Loaded project from [file:/E:/Mitra%20Innovation/QA%20Automation/SoapUI/Projects/Kraydel-server-Test.xml]
2017-03-18 11:52:51,115 INFO  [WsdlProject] Loaded project from [file:/E:/Mitra%20Innovation/QA%20Automation/SoapUI/Projects/Kraydel-server-Test.xml]
2017-03-18 11:52:51,116 INFO  [SoapUITestCaseRunner] Running SoapUI tests in project [Kraydel-server]
2017-03-18 11:52:51,116 INFO  [SoapUITestCaseRunner] Running TestCase [Login Existing User With Correct Username & Null Password TestCase]
2017-03-18 11:52:51,116 INFO  [SoapUITestCaseRunner] Running SoapUI testcase [Login Existing User With Correct Username & Null Password TestCase]
2017-03-18 11:52:51,116 INFO  [SoapUITestCaseRunner] running step [Login Existing User With Correct Username & Null Password TestCase]
2017-03-18 11:52:51,375 INFO  [SoapUITestCaseRunner] Assertion [Valid HTTP Status Codes] has status VALID
2017-03-18 11:52:51,376 INFO  [SoapUITestCaseRunner] Assertion [check login status unauthorized] has status VALID
2017-03-18 11:52:51,376 INFO  [SoapUITestCaseRunner] Assertion [check token is null] has status VALID
2017-03-18 11:52:51,376 INFO  [SoapUITestCaseRunner] Assertion [check userId is null] has status VALID
2017-03-18 11:52:51,376 INFO  [SoapUITestCaseRunner] Assertion [check grampaDetailsList is null] has status VALID
2017-03-18 11:52:51,376 INFO  [SoapUITestCaseRunner] running step [User Table]
2017-03-18 11:52:55,562 INFO  [SoapUITestCaseRunner] Finished running SoapUI testcase [Login Existing User With Correct Username & Null Password TestCase], time taken: 4433ms, status: FINISHED
2017-03-18 11:52:55,562 INFO  [SoapUITestCaseRunner] TestCase [Login Existing User With Correct Username & Null Password TestCase] finished with status [FINISHED] in 4433ms
2017-03-18 11:52:55,682 INFO  [WsdlProject] Loaded project from [file:/E:/Mitra%20Innovation/QA%20Automation/SoapUI/Projects/Kraydel-server-Test.xml]
2017-03-18 11:52:58,804 INFO  [WsdlProject] Loaded project from [file:/E:/Mitra%20Innovation/QA%20Automation/SoapUI/Projects/Kraydel-server-Test.xml]
2017-03-18 11:52:58,805 INFO  [SoapUITestCaseRunner] Running SoapUI tests in project [Kraydel-server]
2017-03-18 11:52:58,805 INFO  [SoapUITestCaseRunner] Running TestCase [Login Existing User With Correct Username & Empty Password TestCase]
2017-03-18 11:52:58,805 INFO  [SoapUITestCaseRunner] Running SoapUI testcase [Login Existing User With Correct Username & Empty Password TestCase]
2017-03-18 11:52:58,805 INFO  [SoapUITestCaseRunner] running step [Login Existing User With Correct Username & Empty Password TestCase]
2017-03-18 11:52:59,078 INFO  [SoapUITestCaseRunner] Assertion [Valid HTTP Status Codes] has status VALID
2017-03-18 11:52:59,078 INFO  [SoapUITestCaseRunner] Assertion [check login status unauthorized] has status VALID
2017-03-18 11:52:59,078 INFO  [SoapUITestCaseRunner] Assertion [check token is null] has status VALID
2017-03-18 11:52:59,079 INFO  [SoapUITestCaseRunner] Assertion [check userId is null] has status VALID
2017-03-18 11:52:59,079 INFO  [SoapUITestCaseRunner] Assertion [check grampaDetailsList is null] has status VALID
2017-03-18 11:52:59,079 INFO  [SoapUITestCaseRunner] running step [User Table]
2017-03-18 11:53:02,974 INFO  [SoapUITestCaseRunner] Finished running SoapUI testcase [Login Existing User With Correct Username & Empty Password TestCase], time taken: 4156ms, status: FINISHED
2017-03-18 11:53:02,974 INFO  [SoapUITestCaseRunner] TestCase [Login Existing User With Correct Username & Empty Password TestCase] finished with status [FINISHED] in 4156ms
2017-03-18 11:53:03,075 INFO  [WsdlProject] Loaded project from [file:/E:/Mitra%20Innovation/QA%20Automation/SoapUI/Projects/Kraydel-server-Test.xml]
2017-03-18 11:53:07,029 INFO  [WsdlProject] Loaded project from [file:/E:/Mitra%20Innovation/QA%20Automation/SoapUI/Projects/Kraydel-server-Test.xml]
2017-03-18 11:53:07,030 INFO  [SoapUITestCaseRunner] Running SoapUI tests in project [Kraydel-server]
2017-03-18 11:53:07,031 INFO  [SoapUITestCaseRunner] Running TestCase [Login Existing User With Wrong Username and Correct Password TestCase]
2017-03-18 11:53:07,031 INFO  [SoapUITestCaseRunner] Running SoapUI testcase [Login Existing User With Wrong Username and Correct Password TestCase]
2017-03-18 11:53:07,031 INFO  [SoapUITestCaseRunner] running step [Login Existing User With Wrong Username and Correct Password TestCase]
2017-03-18 11:53:07,300 INFO  [SoapUITestCaseRunner] Assertion [Valid HTTP Status Codes] has status VALID
2017-03-18 11:53:07,301 INFO  [SoapUITestCaseRunner] Assertion [check login status unsuccessfull] has status VALID
2017-03-18 11:53:07,301 INFO  [SoapUITestCaseRunner] Assertion [check token is not null] has status VALID
2017-03-18 11:53:07,301 INFO  [SoapUITestCaseRunner] Finished running SoapUI testcase [Login Existing User With Wrong Username and Correct Password TestCase], time taken: 261ms, status: FINISHED
2017-03-18 11:53:07,301 INFO  [SoapUITestCaseRunner] TestCase [Login Existing User With Wrong Username and Correct Password TestCase] finished with status [FINISHED] in 261ms
2017-03-18 11:53:07,397 INFO  [WsdlProject] Loaded project from [file:/E:/Mitra%20Innovation/QA%20Automation/SoapUI/Projects/Kraydel-server-Test.xml]
2017-03-18 11:53:07,753 INFO  [WsdlProject] Loaded project from [file:/E:/Mitra%20Innovation/QA%20Automation/SoapUI/Projects/Kraydel-server-Test.xml]
2017-03-18 11:53:07,754 INFO  [SoapUITestCaseRunner] Running SoapUI tests in project [Kraydel-server]
2017-03-18 11:53:07,754 INFO  [SoapUITestCaseRunner] Running TestCase [Login Existing User With Wrong Username and Wrong Password TestCase]
2017-03-18 11:53:07,754 INFO  [SoapUITestCaseRunner] Running SoapUI testcase [Login Existing User With Wrong Username and Wrong Password TestCase]
2017-03-18 11:53:07,754 INFO  [SoapUITestCaseRunner] running step [Login Existing User With Wrong Username and Wrong Password TestCase]
2017-03-18 11:53:08,014 INFO  [SoapUITestCaseRunner] Assertion [Valid HTTP Status Codes] has status VALID
2017-03-18 11:53:08,015 INFO  [SoapUITestCaseRunner] Assertion [check login status unsuccessfull] has status VALID
2017-03-18 11:53:08,015 INFO  [SoapUITestCaseRunner] Assertion [check token is not null] has status VALID
2017-03-18 11:53:08,015 INFO  [SoapUITestCaseRunner] Finished running SoapUI testcase [Login Existing User With Wrong Username and Wrong Password TestCase], time taken: 252ms, status: FINISHED
2017-03-18 11:53:08,015 INFO  [SoapUITestCaseRunner] TestCase [Login Existing User With Wrong Username and Wrong Password TestCase] finished with status [FINISHED] in 252ms
2017-03-18 11:53:08,089 INFO  [WsdlProject] Loaded project from [file:/E:/Mitra%20Innovation/QA%20Automation/SoapUI/Projects/Kraydel-server-Test.xml]
2017-03-18 11:53:08,442 INFO  [WsdlProject] Loaded project from [file:/E:/Mitra%20Innovation/QA%20Automation/SoapUI/Projects/Kraydel-server-Test.xml]
2017-03-18 11:53:08,443 INFO  [SoapUITestCaseRunner] Running SoapUI tests in project [Kraydel-server]
2017-03-18 11:53:08,443 INFO  [SoapUITestCaseRunner] Running TestCase [Login Existing User With Wrong Username & Empty Password TestCase]
2017-03-18 11:53:08,444 INFO  [SoapUITestCaseRunner] Running SoapUI testcase [Login Existing User With Wrong Username & Empty Password TestCase]
2017-03-18 11:53:08,444 INFO  [SoapUITestCaseRunner] running step [Login Existing User With Wrong Username & Empty Password TestCase]
2017-03-18 11:53:08,695 INFO  [SoapUITestCaseRunner] Assertion [Valid HTTP Status Codes] has status VALID
2017-03-18 11:53:08,695 INFO  [SoapUITestCaseRunner] Assertion [check login status unauthorized] has status VALID
2017-03-18 11:53:08,695 INFO  [SoapUITestCaseRunner] Assertion [check token is null] has status VALID
2017-03-18 11:53:08,695 INFO  [SoapUITestCaseRunner] Assertion [check userId is null] has status VALID
2017-03-18 11:53:08,696 INFO  [SoapUITestCaseRunner] Assertion [check grampaDetailsList is null] has status VALID
2017-03-18 11:53:08,696 INFO  [SoapUITestCaseRunner] running step [User Table]
2017-03-18 11:53:12,765 INFO  [SoapUITestCaseRunner] Finished running SoapUI testcase [Login Existing User With Wrong Username & Empty Password TestCase], time taken: 4311ms, status: FINISHED
2017-03-18 11:53:12,766 INFO  [SoapUITestCaseRunner] TestCase [Login Existing User With Wrong Username & Empty Password TestCase] finished with status [FINISHED] in 4311ms
2017-03-18 11:53:12,862 INFO  [WsdlProject] Loaded project from [file:/E:/Mitra%20Innovation/QA%20Automation/SoapUI/Projects/Kraydel-server-Test.xml]
2017-03-18 11:53:16,593 INFO  [WsdlProject] Loaded project from [file:/E:/Mitra%20Innovation/QA%20Automation/SoapUI/Projects/Kraydel-server-Test.xml]
2017-03-18 11:53:16,594 INFO  [SoapUITestCaseRunner] Running SoapUI tests in project [Kraydel-server]
2017-03-18 11:53:16,594 INFO  [SoapUITestCaseRunner] Running TestCase [Login Existing User With Wrong Username & Null Password TestCase]
2017-03-18 11:53:16,594 INFO  [SoapUITestCaseRunner] Running SoapUI testcase [Login Existing User With Wrong Username & Null Password TestCase]
2017-03-18 11:53:16,594 INFO  [SoapUITestCaseRunner] running step [Login Existing User With Wrong Username & Null Password TestCase]
2017-03-18 11:53:16,856 INFO  [SoapUITestCaseRunner] Assertion [Valid HTTP Status Codes] has status VALID
2017-03-18 11:53:16,856 INFO  [SoapUITestCaseRunner] Assertion [check login status unauthorized] has status VALID
2017-03-18 11:53:16,856 INFO  [SoapUITestCaseRunner] Assertion [check token is null] has status VALID
2017-03-18 11:53:16,856 INFO  [SoapUITestCaseRunner] Assertion [check userId is null] has status VALID
2017-03-18 11:53:16,856 INFO  [SoapUITestCaseRunner] Assertion [check grampaDetailsList is null] has status VALID
2017-03-18 11:53:16,857 INFO  [SoapUITestCaseRunner] running step [User Table]
2017-03-18 11:53:20,052 INFO  [SoapUITestCaseRunner] Finished running SoapUI testcase [Login Existing User With Wrong Username & Null Password TestCase], time taken: 3452ms, status: FINISHED
2017-03-18 11:53:20,053 INFO  [SoapUITestCaseRunner] TestCase [Login Existing User With Wrong Username & Null Password TestCase] finished with status [FINISHED] in 3452ms
2017-03-18 11:53:20,146 INFO  [WsdlProject] Loaded project from [file:/E:/Mitra%20Innovation/QA%20Automation/SoapUI/Projects/Kraydel-server-Test.xml]
2017-03-18 11:53:24,214 INFO  [WsdlProject] Loaded project from [file:/E:/Mitra%20Innovation/QA%20Automation/SoapUI/Projects/Kraydel-server-Test.xml]
2017-03-18 11:53:24,215 INFO  [SoapUITestCaseRunner] Running SoapUI tests in project [Kraydel-server]
2017-03-18 11:53:24,215 INFO  [SoapUITestCaseRunner] Running TestCase [Login Existing User With Null Username and Null Password TestCase]
2017-03-18 11:53:24,215 INFO  [SoapUITestCaseRunner] Running SoapUI testcase [Login Existing User With Null Username and Null Password TestCase]
2017-03-18 11:53:24,215 INFO  [SoapUITestCaseRunner] running step [Login Existing User With Null Username and Null Password TestCase]
2017-03-18 11:53:24,474 INFO  [SoapUITestCaseRunner] Assertion [Valid HTTP Status Codes] has status VALID
2017-03-18 11:53:24,474 INFO  [SoapUITestCaseRunner] Assertion [check login status unauthorized] has status VALID
2017-03-18 11:53:24,474 INFO  [SoapUITestCaseRunner] Assertion [check token is null] has status VALID
2017-03-18 11:53:24,475 INFO  [SoapUITestCaseRunner] Assertion [check userId is null] has status VALID
2017-03-18 11:53:24,475 INFO  [SoapUITestCaseRunner] Assertion [check grampaDetailsList is null] has status VALID
2017-03-18 11:53:24,475 INFO  [SoapUITestCaseRunner] Finished running SoapUI testcase [Login Existing User With Null Username and Null Password TestCase], time taken: 251ms, status: FINISHED
2017-03-18 11:53:24,475 INFO  [SoapUITestCaseRunner] TestCase [Login Existing User With Null Username and Null Password TestCase] finished with status [FINISHED] in 251ms
2017-03-18 11:53:24,562 INFO  [WsdlProject] Loaded project from [file:/E:/Mitra%20Innovation/QA%20Automation/SoapUI/Projects/Kraydel-server-Test.xml]
2017-03-18 11:53:24,912 INFO  [WsdlProject] Loaded project from [file:/E:/Mitra%20Innovation/QA%20Automation/SoapUI/Projects/Kraydel-server-Test.xml]
2017-03-18 11:53:24,913 INFO  [SoapUITestCaseRunner] Running SoapUI tests in project [Kraydel-server]
2017-03-18 11:53:24,913 INFO  [SoapUITestCaseRunner] Running TestCase [Login Existing User With Null Username & Correct Password TestCase]
2017-03-18 11:53:24,913 INFO  [SoapUITestCaseRunner] Running SoapUI testcase [Login Existing User With Null Username & Correct Password TestCase]
2017-03-18 11:53:24,913 INFO  [SoapUITestCaseRunner] running step [Login Existing User With Null Username & Correct Password TestCase]
2017-03-18 11:53:25,174 INFO  [SoapUITestCaseRunner] Assertion [Valid HTTP Status Codes] has status VALID
2017-03-18 11:53:25,174 INFO  [SoapUITestCaseRunner] Assertion [check login status unauthorized] has status VALID
2017-03-18 11:53:25,175 INFO  [SoapUITestCaseRunner] Assertion [check token is null] has status VALID
2017-03-18 11:53:25,175 INFO  [SoapUITestCaseRunner] Assertion [check userId is null] has status VALID
2017-03-18 11:53:25,175 INFO  [SoapUITestCaseRunner] Assertion [check grampaDetailsList is null] has status VALID
2017-03-18 11:53:25,175 INFO  [SoapUITestCaseRunner] running step [User Table]
2017-03-18 11:53:28,715 INFO  [SoapUITestCaseRunner] Finished running SoapUI testcase [Login Existing User With Null Username & Correct Password TestCase], time taken: 3791ms, status: FINISHED
2017-03-18 11:53:28,715 INFO  [SoapUITestCaseRunner] TestCase [Login Existing User With Null Username & Correct Password TestCase] finished with status [FINISHED] in 3791ms
2017-03-18 11:53:28,780 INFO  [WsdlProject] Loaded project from [file:/E:/Mitra%20Innovation/QA%20Automation/SoapUI/Projects/Kraydel-server-Test.xml]
2017-03-18 11:53:32,951 INFO  [WsdlProject] Loaded project from [file:/E:/Mitra%20Innovation/QA%20Automation/SoapUI/Projects/Kraydel-server-Test.xml]
2017-03-18 11:53:32,952 INFO  [SoapUITestCaseRunner] Running SoapUI tests in project [Kraydel-server]
2017-03-18 11:53:32,952 INFO  [SoapUITestCaseRunner] Running TestCase [Login Existing User With Null Username & Wrong Password TestCase]
2017-03-18 11:53:32,952 INFO  [SoapUITestCaseRunner] Running SoapUI testcase [Login Existing User With Null Username & Wrong Password TestCase]
2017-03-18 11:53:32,952 INFO  [SoapUITestCaseRunner] running step [Login Existing User With Null Username & Wrong Password TestCase]
2017-03-18 11:53:33,222 INFO  [SoapUITestCaseRunner] Assertion [Valid HTTP Status Codes] has status VALID
2017-03-18 11:53:33,223 INFO  [SoapUITestCaseRunner] Assertion [check login status unauthorized] has status VALID
2017-03-18 11:53:33,223 INFO  [SoapUITestCaseRunner] Assertion [check token is null] has status VALID
2017-03-18 11:53:33,223 INFO  [SoapUITestCaseRunner] Assertion [check userId is null] has status VALID
2017-03-18 11:53:33,223 INFO  [SoapUITestCaseRunner] Assertion [check grampaDetailsList is null] has status VALID
2017-03-18 11:53:33,223 INFO  [SoapUITestCaseRunner] running step [User Table]
2017-03-18 11:53:35,924 INFO  [SoapUITestCaseRunner] Finished running SoapUI testcase [Login Existing User With Null Username & Wrong Password TestCase], time taken: 2963ms, status: FINISHED
2017-03-18 11:53:35,925 INFO  [SoapUITestCaseRunner] TestCase [Login Existing User With Null Username & Wrong Password TestCase] finished with status [FINISHED] in 2963ms
2017-03-18 11:53:35,988 INFO  [WsdlProject] Loaded project from [file:/E:/Mitra%20Innovation/QA%20Automation/SoapUI/Projects/Kraydel-server-Test.xml]
2017-03-18 11:53:39,176 INFO  [WsdlProject] Loaded project from [file:/E:/Mitra%20Innovation/QA%20Automation/SoapUI/Projects/Kraydel-server-Test.xml]
2017-03-18 11:53:39,177 INFO  [SoapUITestCaseRunner] Running SoapUI tests in project [Kraydel-server]
2017-03-18 11:53:39,177 INFO  [SoapUITestCaseRunner] Running TestCase [Login Existing User With Null Username & Empty Password TestCase]
2017-03-18 11:53:39,177 INFO  [SoapUITestCaseRunner] Running SoapUI testcase [Login Existing User With Null Username & Empty Password TestCase]
2017-03-18 11:53:39,177 INFO  [SoapUITestCaseRunner] running step [Login Existing User With Null Username & Empty Password TestCase]
2017-03-18 11:53:39,438 INFO  [SoapUITestCaseRunner] Assertion [Valid HTTP Status Codes] has status VALID
2017-03-18 11:53:39,438 INFO  [SoapUITestCaseRunner] Assertion [check login status unauthorized] has status VALID
2017-03-18 11:53:39,438 INFO  [SoapUITestCaseRunner] Assertion [check token is null] has status VALID
2017-03-18 11:53:39,438 INFO  [SoapUITestCaseRunner] Assertion [check userId is null] has status VALID
2017-03-18 11:53:39,438 INFO  [SoapUITestCaseRunner] Assertion [check grampaDetailsList is null] has status VALID
2017-03-18 11:53:39,438 INFO  [SoapUITestCaseRunner] running step [User Table]
2017-03-18 11:53:42,611 INFO  [SoapUITestCaseRunner] Finished running SoapUI testcase [Login Existing User With Null Username & Empty Password TestCase], time taken: 3425ms, status: FINISHED
2017-03-18 11:53:42,612 INFO  [SoapUITestCaseRunner] TestCase [Login Existing User With Null Username & Empty Password TestCase] finished with status [FINISHED] in 3425ms
2017-03-18 11:53:42,680 INFO  [WsdlProject] Loaded project from [file:/E:/Mitra%20Innovation/QA%20Automation/SoapUI/Projects/Kraydel-server-Test.xml]
2017-03-18 11:53:45,875 INFO  [WsdlProject] Loaded project from [file:/E:/Mitra%20Innovation/QA%20Automation/SoapUI/Projects/Kraydel-server-Test.xml]
2017-03-18 11:53:45,876 INFO  [SoapUITestCaseRunner] Running SoapUI tests in project [Kraydel-server]
2017-03-18 11:53:45,876 INFO  [SoapUITestCaseRunner] Running TestCase [Login Existing User With Empty Username and Empty Password TestCase]
2017-03-18 11:53:45,876 INFO  [SoapUITestCaseRunner] Running SoapUI testcase [Login Existing User With Empty Username and Empty Password TestCase]
2017-03-18 11:53:45,876 INFO  [SoapUITestCaseRunner] running step [Login Existing User With Empty Username and Empty Password TestCase]
2017-03-18 11:53:46,152 INFO  [SoapUITestCaseRunner] Assertion [Valid HTTP Status Codes] has status VALID
2017-03-18 11:53:46,152 INFO  [SoapUITestCaseRunner] Assertion [check login status unauthorized] has status VALID
2017-03-18 11:53:46,152 INFO  [SoapUITestCaseRunner] Assertion [check token is null] has status VALID
2017-03-18 11:53:46,152 INFO  [SoapUITestCaseRunner] Assertion [check userId is null] has status VALID
2017-03-18 11:53:46,153 INFO  [SoapUITestCaseRunner] Assertion [check grampaDetailsList is null] has status VALID
2017-03-18 11:53:46,153 INFO  [SoapUITestCaseRunner] Finished running SoapUI testcase [Login Existing User With Empty Username and Empty Password TestCase], time taken: 267ms, status: FINISHED
2017-03-18 11:53:46,153 INFO  [SoapUITestCaseRunner] TestCase [Login Existing User With Empty Username and Empty Password TestCase] finished with status [FINISHED] in 267ms
2017-03-18 11:53:46,210 INFO  [WsdlProject] Loaded project from [file:/E:/Mitra%20Innovation/QA%20Automation/SoapUI/Projects/Kraydel-server-Test.xml]
2017-03-18 11:53:46,529 INFO  [WsdlProject] Loaded project from [file:/E:/Mitra%20Innovation/QA%20Automation/SoapUI/Projects/Kraydel-server-Test.xml]
2017-03-18 11:53:46,530 INFO  [SoapUITestCaseRunner] Running SoapUI tests in project [Kraydel-server]
2017-03-18 11:53:46,530 INFO  [SoapUITestCaseRunner] Running TestCase [Login Existing User With Empty Username & Correct Password TestCase]
2017-03-18 11:53:46,530 INFO  [SoapUITestCaseRunner] Running SoapUI testcase [Login Existing User With Empty Username & Correct Password TestCase]
2017-03-18 11:53:46,530 INFO  [SoapUITestCaseRunner] running step [Login Existing User With Empty Username & Correct Password TestCase]
2017-03-18 11:53:46,793 INFO  [SoapUITestCaseRunner] Assertion [Valid HTTP Status Codes] has status VALID
2017-03-18 11:53:46,793 INFO  [SoapUITestCaseRunner] Assertion [check login status unauthorized] has status VALID
2017-03-18 11:53:46,793 INFO  [SoapUITestCaseRunner] Assertion [check token is null] has status VALID
2017-03-18 11:53:46,793 INFO  [SoapUITestCaseRunner] Assertion [check userId is null] has status VALID
2017-03-18 11:53:46,793 INFO  [SoapUITestCaseRunner] Assertion [check grampaDetailsList is null] has status VALID
2017-03-18 11:53:46,794 INFO  [SoapUITestCaseRunner] running step [User Table]
2017-03-18 11:53:49,997 INFO  [SoapUITestCaseRunner] Finished running SoapUI testcase [Login Existing User With Empty Username & Correct Password TestCase], time taken: 3458ms, status: FINISHED
2017-03-18 11:53:49,997 INFO  [SoapUITestCaseRunner] TestCase [Login Existing User With Empty Username & Correct Password TestCase] finished with status [FINISHED] in 3458ms
2017-03-18 11:53:50,067 INFO  [WsdlProject] Loaded project from [file:/E:/Mitra%20Innovation/QA%20Automation/SoapUI/Projects/Kraydel-server-Test.xml]
2017-03-18 11:53:53,237 INFO  [WsdlProject] Loaded project from [file:/E:/Mitra%20Innovation/QA%20Automation/SoapUI/Projects/Kraydel-server-Test.xml]
2017-03-18 11:53:53,238 INFO  [SoapUITestCaseRunner] Running SoapUI tests in project [Kraydel-server]
2017-03-18 11:53:53,238 INFO  [SoapUITestCaseRunner] Running TestCase [Login Existing User With Empty Username & Wrong Password TestCase]
2017-03-18 11:53:53,239 INFO  [SoapUITestCaseRunner] Running SoapUI testcase [Login Existing User With Empty Username & Wrong Password TestCase]
2017-03-18 11:53:53,239 INFO  [SoapUITestCaseRunner] running step [Login Existing User With Empty Username & Wrong Password TestCase]
2017-03-18 11:53:53,496 INFO  [SoapUITestCaseRunner] Assertion [Valid HTTP Status Codes] has status VALID
2017-03-18 11:53:53,497 INFO  [SoapUITestCaseRunner] Assertion [check login status unauthorized] has status VALID
2017-03-18 11:53:53,497 INFO  [SoapUITestCaseRunner] Assertion [check token is null] has status VALID
2017-03-18 11:53:53,497 INFO  [SoapUITestCaseRunner] Assertion [check userId is null] has status VALID
2017-03-18 11:53:53,497 INFO  [SoapUITestCaseRunner] Assertion [check grampaDetailsList is null] has status VALID
2017-03-18 11:53:53,497 INFO  [SoapUITestCaseRunner] running step [User Table]
2017-03-18 11:53:57,113 INFO  [SoapUITestCaseRunner] Finished running SoapUI testcase [Login Existing User With Empty Username & Wrong Password TestCase], time taken: 3864ms, status: FINISHED
2017-03-18 11:53:57,113 INFO  [SoapUITestCaseRunner] TestCase [Login Existing User With Empty Username & Wrong Password TestCase] finished with status [FINISHED] in 3864ms
2017-03-18 11:53:57,191 INFO  [WsdlProject] Loaded project from [file:/E:/Mitra%20Innovation/QA%20Automation/SoapUI/Projects/Kraydel-server-Test.xml]
2017-03-18 11:54:00,752 INFO  [WsdlProject] Loaded project from [file:/E:/Mitra%20Innovation/QA%20Automation/SoapUI/Projects/Kraydel-server-Test.xml]
2017-03-18 11:54:00,753 INFO  [SoapUITestCaseRunner] Running SoapUI tests in project [Kraydel-server]
2017-03-18 11:54:00,753 INFO  [SoapUITestCaseRunner] Running TestCase [Login Existing User With Empty Username & Null Password TestCase]
2017-03-18 11:54:00,753 INFO  [SoapUITestCaseRunner] Running SoapUI testcase [Login Existing User With Empty Username & Null Password TestCase]
2017-03-18 11:54:00,753 INFO  [SoapUITestCaseRunner] running step [Login Existing User With Empty Username & Null Password TestCase]
2017-03-18 11:54:01,022 INFO  [SoapUITestCaseRunner] Assertion [Valid HTTP Status Codes] has status VALID
2017-03-18 11:54:01,023 INFO  [SoapUITestCaseRunner] Assertion [check login status unauthorized] has status VALID
2017-03-18 11:54:01,023 INFO  [SoapUITestCaseRunner] Assertion [check token is null] has status VALID
2017-03-18 11:54:01,023 INFO  [SoapUITestCaseRunner] Assertion [check userId is null] has status VALID
2017-03-18 11:54:01,023 INFO  [SoapUITestCaseRunner] Assertion [check grampaDetailsList is null] has status VALID
2017-03-18 11:54:01,023 INFO  [SoapUITestCaseRunner] running step [User Table]
2017-03-18 11:54:04,152 INFO  [SoapUITestCaseRunner] Finished running SoapUI testcase [Login Existing User With Empty Username & Null Password TestCase], time taken: 3390ms, status: FINISHED
2017-03-18 11:54:04,153 INFO  [SoapUITestCaseRunner] TestCase [Login Existing User With Empty Username & Null Password TestCase] finished with status [FINISHED] in 3390ms
2017-03-18 11:54:04,214 INFO  [WsdlProject] Loaded project from [file:/E:/Mitra%20Innovation/QA%20Automation/SoapUI/Projects/Kraydel-server-Test.xml]
2017-03-18 11:54:07,502 INFO  [WsdlProject] Loaded project from [file:/E:/Mitra%20Innovation/QA%20Automation/SoapUI/Projects/Kraydel-server-Test.xml]
2017-03-18 11:54:07,503 INFO  [SoapUITestCaseRunner] Running SoapUI tests in project [Kraydel-server]
2017-03-18 11:54:07,503 INFO  [SoapUITestCaseRunner] Running TestCase [Login Unregistered User TestCase]
2017-03-18 11:54:07,503 INFO  [SoapUITestCaseRunner] Running SoapUI testcase [Login Unregistered User TestCase]
2017-03-18 11:54:07,504 INFO  [SoapUITestCaseRunner] running step [Login NonExisting User]
2017-03-18 11:54:07,754 INFO  [SoapUITestCaseRunner] Assertion [Valid HTTP Status Codes] has status VALID
2017-03-18 11:54:07,754 INFO  [SoapUITestCaseRunner] Assertion [check login status unauthorized] has status VALID
2017-03-18 11:54:07,754 INFO  [SoapUITestCaseRunner] Assertion [check token is null] has status VALID
2017-03-18 11:54:07,754 INFO  [SoapUITestCaseRunner] Finished running SoapUI testcase [Login Unregistered User TestCase], time taken: 246ms, status: FINISHED
2017-03-18 11:54:07,754 INFO  [SoapUITestCaseRunner] TestCase [Login Unregistered User TestCase] finished with status [FINISHED] in 246ms
2017-03-18 11:54:07,803 INFO  [WsdlProject] Loaded project from [file:/E:/Mitra%20Innovation/QA%20Automation/SoapUI/Projects/Kraydel-server-Test.xml]
2017-03-18 11:54:09,595 WARN  [Tools] Could not delete temporary directory C:\Users\OSANDA~1\AppData\Local\Temp\298a563c-3949-4ba4-8921-ad2e46b31dc7
